<?xml version="1.0" encoding="UTF-8"?>
<testsuite xmlns:xsi="http://www.w3.org/2001/XMLSchema-instance" xsi:noNamespaceSchemaLocation="https://maven.apache.org/surefire/maven-surefire-plugin/xsd/surefire-test-report-3.0.xsd" version="3.0" name="simple.Test" time="0.007" tests="0" errors="0" skipped="0" failures="0">
  <properties>
    <property name="java.specification.version" value="23"/>
    <property name="sun.cpu.isalist" value="amd64"/>
    <property name="sun.jnu.encoding" value="Cp1252"/>
    <property name="java.class.path" value="C:\Users\joemw\OneDrive\Documents\GitHub\Java-Bytecode-Explorer\target\test-classes;C:\Users\joemw\OneDrive\Documents\GitHub\Java-Bytecode-Explorer\target\classes;C:\Users\joemw\.m2\repository\org\openjfx\javafx-base\24\javafx-base-24.jar;C:\Users\joemw\.m2\repository\org\openjfx\javafx-base\24\javafx-base-24-win.jar;C:\Users\joemw\.m2\repository\org\openjfx\javafx-controls\24\javafx-controls-24.jar;C:\Users\joemw\.m2\repository\org\openjfx\javafx-controls\24\javafx-controls-24-win.jar;C:\Users\joemw\.m2\repository\org\openjfx\javafx-graphics\24\javafx-graphics-24.jar;C:\Users\joemw\.m2\repository\org\openjfx\javafx-graphics\24\javafx-graphics-24-win.jar;C:\Users\joemw\.m2\repository\org\openjfx\javafx-fxml\24\javafx-fxml-24-win.jar;C:\Users\joemw\.m2\repository\org\openjfx\javafx-incubator-input\24\javafx-incubator-input-24-win.jar;C:\Users\joemw\.m2\repository\org\openjfx\javafx-incubator-richtext\24\javafx-incubator-richtext-24-win.jar;C:\Users\joemw\.m2\repository\io\github\mkpaz\atlantafx-base\2.0.1\atlantafx-base-2.0.1.jar;C:\Users\joemw\.m2\repository\com\mamba\mambaui-fx\0.1\mambaui-fx-0.1.jar;C:\Users\joemw\.m2\repository\org\kordamp\ikonli\ikonli-material2-pack\12.4.0\ikonli-material2-pack-12.4.0.jar;C:\Users\joemw\.m2\repository\org\kordamp\ikonli\ikonli-core\12.4.0\ikonli-core-12.4.0.jar;C:\Users\joemw\.m2\repository\org\kordamp\ikonli\ikonli-javafx\12.4.0\ikonli-javafx-12.4.0.jar;"/>
    <property name="java.vm.vendor" value="Oracle Corporation"/>
    <property name="sun.arch.data.model" value="64"/>
    <property name="user.variant" value=""/>
    <property name="java.vendor.url" value="https://java.oracle.com/"/>
    <property name="user.timezone" value="Africa/Nairobi"/>
    <property name="user.country.format" value="KE"/>
    <property name="os.name" value="Windows 11"/>
    <property name="java.vm.specification.version" value="23"/>
    <property name="user.country" value="US"/>
    <property name="sun.java.launcher" value="SUN_STANDARD"/>
    <property name="sun.boot.library.path" value="C:\Program Files\Java\jdk-23\bin"/>
    <property name="sun.java.command" value="C:\Users\joemw\AppData\Local\Temp\surefire6557755569091301559\surefirebooter-20250912155901576_3.jar C:\Users\joemw\AppData\Local\Temp\surefire6557755569091301559 2025-09-12T15-59-01_460-jvmRun1 surefire-20250912155901576_1tmp surefire_0-20250912155901576_2tmp"/>
    <property name="jdk.debug" value="release"/>
    <property name="surefire.test.class.path" value="C:\Users\joemw\OneDrive\Documents\GitHub\Java-Bytecode-Explorer\target\test-classes;C:\Users\joemw\OneDrive\Documents\GitHub\Java-Bytecode-Explorer\target\classes;C:\Users\joemw\.m2\repository\org\openjfx\javafx-base\24\javafx-base-24.jar;C:\Users\joemw\.m2\repository\org\openjfx\javafx-base\24\javafx-base-24-win.jar;C:\Users\joemw\.m2\repository\org\openjfx\javafx-controls\24\javafx-controls-24.jar;C:\Users\joemw\.m2\repository\org\openjfx\javafx-controls\24\javafx-controls-24-win.jar;C:\Users\joemw\.m2\repository\org\openjfx\javafx-graphics\24\javafx-graphics-24.jar;C:\Users\joemw\.m2\repository\org\openjfx\javafx-graphics\24\javafx-graphics-24-win.jar;C:\Users\joemw\.m2\repository\org\openjfx\javafx-fxml\24\javafx-fxml-24-win.jar;C:\Users\joemw\.m2\repository\org\openjfx\javafx-incubator-input\24\javafx-incubator-input-24-win.jar;C:\Users\joemw\.m2\repository\org\openjfx\javafx-incubator-richtext\24\javafx-incubator-richtext-24-win.jar;C:\Users\joemw\.m2\repository\io\github\mkpaz\atlantafx-base\2.0.1\atlantafx-base-2.0.1.jar;C:\Users\joemw\.m2\repository\com\mamba\mambaui-fx\0.1\mambaui-fx-0.1.jar;C:\Users\joemw\.m2\repository\org\kordamp\ikonli\ikonli-material2-pack\12.4.0\ikonli-material2-pack-12.4.0.jar;C:\Users\joemw\.m2\repository\org\kordamp\ikonli\ikonli-core\12.4.0\ikonli-core-12.4.0.jar;C:\Users\joemw\.m2\repository\org\kordamp\ikonli\ikonli-javafx\12.4.0\ikonli-javafx-12.4.0.jar;"/>
    <property name="sun.cpu.endian" value="little"/>
    <property name="user.home" value="C:\Users\joemw"/>
    <property name="user.language" value="en"/>
    <property name="java.specification.vendor" value="Oracle Corporation"/>
    <property name="java.version.date" value="2025-01-21"/>
    <property name="java.home" value="C:\Program Files\Java\jdk-23"/>
    <property name="file.separator" value="\"/>
    <property name="basedir" value="C:\Users\joemw\OneDrive\Documents\GitHub\Java-Bytecode-Explorer"/>
    <property name="java.vm.compressedOopsMode" value="Zero based"/>
    <property name="line.separator" value="&#10;"/>
    <property name="java.vm.specification.vendor" value="Oracle Corporation"/>
    <property name="java.specification.name" value="Java Platform API Specification"/>
    <property name="surefire.real.class.path" value="C:\Users\joemw\AppData\Local\Temp\surefire6557755569091301559\surefirebooter-20250912155901576_3.jar"/>
    <property name="user.script" value=""/>
    <property name="sun.management.compiler" value="HotSpot 64-Bit Tiered Compilers"/>
    <property name="java.runtime.version" value="23.0.2+7-58"/>
    <property name="user.name" value="joemw"/>
    <property name="stdout.encoding" value="Cp1252"/>
    <property name="path.separator" value=";"/>
    <property name="os.version" value="10.0"/>
    <property name="java.runtime.name" value="Java(TM) SE Runtime Environment"/>
    <property name="file.encoding" value="UTF-8"/>
    <property name="java.vm.name" value="Java HotSpot(TM) 64-Bit Server VM"/>
    <property name="maven.ext.class.path" value="C:\Program Files\Apache NetBeans\java\maven-nblib\netbeans-eventspy.jar"/>
    <property name="localRepository" value="C:\Users\joemw\.m2\repository"/>
    <property name="java.vendor.url.bug" value="https://bugreport.java.com/bugreport/"/>
    <property name="java.io.tmpdir" value="C:\Users\joemw\AppData\Local\Temp\"/>
    <property name="java.version" value="23.0.2"/>
    <property name="user.dir" value="C:\Users\joemw\OneDrive\Documents\GitHub\Java-Bytecode-Explorer"/>
    <property name="os.arch" value="amd64"/>
    <property name="java.vm.specification.name" value="Java Virtual Machine Specification"/>
    <property name="sun.os.patch.level" value=""/>
    <property name="native.encoding" value="Cp1252"/>
    <property name="java.library.path" value="C:\Program Files\Java\jdk-23\bin;C:\Windows\Sun\Java\bin;C:\Windows\system32;C:\Windows;C:\Program Files\Common Files\Oracle\Java\javapath;C:\Windows\system32;C:\Windows;C:\Windows\System32\Wbem;C:\Windows\System32\WindowsPowerShell\v1.0\;C:\Windows\System32\OpenSSH\;C:\Users\joemw\AppData\Local\Microsoft\WindowsApps;C:\Users\joemw\AppData\Local\GitHubDesktop\bin;."/>
    <property name="java.vm.info" value="mixed mode, sharing"/>
    <property name="stderr.encoding" value="Cp1252"/>
    <property name="java.vendor" value="Oracle Corporation"/>
    <property name="java.vm.version" value="23.0.2+7-58"/>
    <property name="sun.io.unicode.encoding" value="UnicodeLittle"/>
    <property name="java.class.version" value="67.0"/>
  </properties>
</testsuite>